0 info it worked if it ends with ok
1 verbose cli [ '/home/marcel/.nvm/versions/node/v7.2.0/bin/node',
1 verbose cli   '/home/marcel/.nvm/versions/node/v7.2.0/bin/npm',
1 verbose cli   'run',
1 verbose cli   'test-client' ]
2 info using npm@3.10.9
3 info using node@v7.2.0
4 verbose run-script [ 'pretest-client', 'test-client', 'posttest-client' ]
5 info lifecycle increment-everything@1.0.0~pretest-client: increment-everything@1.0.0
6 silly lifecycle increment-everything@1.0.0~pretest-client: no script for pretest-client, continuing
7 info lifecycle increment-everything@1.0.0~test-client: increment-everything@1.0.0
8 verbose lifecycle increment-everything@1.0.0~test-client: unsafe-perm in lifecycle true
9 verbose lifecycle increment-everything@1.0.0~test-client: PATH: /home/marcel/.nvm/versions/node/v7.2.0/lib/node_modules/npm/bin/node-gyp-bin:/home/marcel/projects/increment-everything/src/node_modules/.bin:/home/marcel/.nvm/versions/node/v7.2.0/bin:/home/marcel/.rvm/gems/ruby-2.3.0-stable/bin:/home/marcel/.rvm/gems/ruby-2.3.0-stable@global/bin:/home/marcel/.rvm/rubies/ruby-2.3.0-stable/bin:/home/marcel/bin:/home/marcel/bin:/usr/local/sbin:/usr/local/bin:/usr/sbin:/usr/bin:/sbin:/bin:/usr/games:/usr/local/games:/snap/bin:/home/marcel/.rvm/bin:/snap/bin:/home/marcel/bin:/home/marcel/.rvm/bin:/home/marcel/.rvm/bin
10 verbose lifecycle increment-everything@1.0.0~test-client: CWD: /home/marcel/projects/increment-everything/src
11 silly lifecycle increment-everything@1.0.0~test-client: Args: [ '-c', 'karma start --single-run' ]
12 silly lifecycle increment-everything@1.0.0~test-client: Returned: code: 1  signal: null
13 info lifecycle increment-everything@1.0.0~test-client: Failed to exec test-client script
14 verbose stack Error: increment-everything@1.0.0 test-client: `karma start --single-run`
14 verbose stack Exit status 1
14 verbose stack     at EventEmitter.<anonymous> (/home/marcel/.nvm/versions/node/v7.2.0/lib/node_modules/npm/lib/utils/lifecycle.js:255:16)
14 verbose stack     at emitTwo (events.js:106:13)
14 verbose stack     at EventEmitter.emit (events.js:191:7)
14 verbose stack     at ChildProcess.<anonymous> (/home/marcel/.nvm/versions/node/v7.2.0/lib/node_modules/npm/lib/utils/spawn.js:40:14)
14 verbose stack     at emitTwo (events.js:106:13)
14 verbose stack     at ChildProcess.emit (events.js:191:7)
14 verbose stack     at maybeClose (internal/child_process.js:885:16)
14 verbose stack     at Process.ChildProcess._handle.onexit (internal/child_process.js:226:5)
15 verbose pkgid increment-everything@1.0.0
16 verbose cwd /home/marcel/projects/increment-everything/src
17 error Linux 4.4.0-42-generic
18 error argv "/home/marcel/.nvm/versions/node/v7.2.0/bin/node" "/home/marcel/.nvm/versions/node/v7.2.0/bin/npm" "run" "test-client"
19 error node v7.2.0
20 error npm  v3.10.9
21 error code ELIFECYCLE
22 error increment-everything@1.0.0 test-client: `karma start --single-run`
22 error Exit status 1
23 error Failed at the increment-everything@1.0.0 test-client script 'karma start --single-run'.
23 error Make sure you have the latest version of node.js and npm installed.
23 error If you do, this is most likely a problem with the increment-everything package,
23 error not with npm itself.
23 error Tell the author that this fails on your system:
23 error     karma start --single-run
23 error You can get information on how to open an issue for this project with:
23 error     npm bugs increment-everything
23 error Or if that isn't available, you can get their info via:
23 error     npm owner ls increment-everything
23 error There is likely additional logging output above.
24 verbose exit [ 1, true ]
